<?xml version="1.0" encoding="UTF-8" standalone="no"?>
<testsuite errors="0" failures="1" name="io.cucumber.core.plugin.JUnitFormatter" skipped="0" tests="6" time="111.076">
    <testcase classname="Delta Product search" name="Delta LogIn" time="18.077">
        <system-out><![CDATA[Given I am On Delta Home Page...............................................passed
Then I click on Login Button................................................passed
When I Click on  Login Button  I should see "Log In To Delta"...............passed
Then I click on user name and send Key......................................passed
Then I  click on Password and send the key..................................passed
And I Verify "All fields are required" Text.................................passed
]]></system-out>
    </testcase>
    <testcase classname="Delta Product search" name="Delta Travel Info" time="23.169">
        <system-out><![CDATA[Given I am On Delta Home Page...............................................passed
Then Mouse hover in Travel info.............................................passed
When Mouse hover I select the Baggage and click.............................passed
Then I should See "Baggage & Travel Fees"...................................passed
Then I click on Track check on baggage......................................passed
Then I verify "Check Bag Status"............................................passed
And I click The Arrow Button To Know the bag Confarmation num num...........passed
Then I click The confirmation number........................................passed
And The Last Name I click...................................................passed
]]></system-out>
    </testcase>
    <testcase classname="Delta Product search" name="flight status checking" time="15.563">
        <system-out><![CDATA[Given I am On Delta Home Page...............................................passed
Then I click on from your origin............................................passed
And I Type Jfk on the box...................................................passed
Then From Drop down  I select JFK New York Kennedy, Ny......................passed
Then I click on from your destination.......................................passed
And I type BHM on the From box..............................................passed
Then I select BHM Birmingham Alabama........................................passed
Then I verify"SEARCH OPTIONS" Text..........................................passed
]]></system-out>
    </testcase>
    <testcase classname="Delta Product search" name="Flight Status Checking One" time="11.808">
        <system-out><![CDATA[Given I am On Delta Home Page...............................................passed
Then I am Click on round trip drop down button..............................passed
And I select One way........................................................passed
Then I verify "THE DELTA CUSTOMER EXPERIENCE" on that page..................passed
]]></system-out>
    </testcase>
    <testcase classname="Delta Product search" name="Flight Departure and Return Date" time="30.733">
        <failure message="no such element: Unable to locate element: {&quot;method&quot;:&quot;xpath&quot;,&quot;selector&quot;:&quot;//a[@aria-label='16 April 2021, Friday']&quot;}&#10;  (Session info: chrome=91.0.4472.77)&#10;For documentation on this error, please visit: https://www.seleniumhq.org/exceptions/no_such_element.html&#10;Build info: version: '3.141.59', revision: 'e82be7d358', time: '2018-11-14T08:17:03'&#10;System info: host: 'TAPAN-PC3', ip: '192.168.1.247', os.name: 'Windows 10', os.arch: 'amd64', os.version: '10.0', java.version: '15.0.1'&#10;Driver info: org.openqa.selenium.chrome.ChromeDriver&#10;Capabilities {acceptInsecureCerts: false, browserName: chrome, browserVersion: 91.0.4472.77, chrome: {chromedriverVersion: 91.0.4472.19 (1bf021f248676..., userDataDir: C:\Users\kumar\AppData\Loca...}, goog:chromeOptions: {debuggerAddress: localhost:60897}, javascriptEnabled: true, networkConnectionEnabled: false, pageLoadStrategy: normal, platform: WINDOWS, platformName: WINDOWS, proxy: Proxy(), setWindowRect: true, strictFileInteractability: false, timeouts: {implicit: 0, pageLoad: 300000, script: 30000}, unhandledPromptBehavior: dismiss and notify, webauthn:extension:largeBlob: true, webauthn:virtualAuthenticators: true}&#10;Session ID: 678c61ad8d71cba3d6280a57c459756b&#10;*** Element info: {Using=xpath, value=//a[@aria-label='16 April 2021, Friday']}" type="org.openqa.selenium.NoSuchElementException"><![CDATA[Given I am On Delta Home Page...............................................passed
Then Select Departure Locator...............................................passed
And Select the Departure  Date..............................................failed
When select the Date click on departure done button.........................skipped
Then select the Return Locator..............................................skipped
And Select the Return Date..................................................skipped
Then Select the Return Done Button..........................................skipped

StackTrace:
org.openqa.selenium.NoSuchElementException: no such element: Unable to locate element: {"method":"xpath","selector":"//a[@aria-label='16 April 2021, Friday']"}
  (Session info: chrome=91.0.4472.77)
For documentation on this error, please visit: https://www.seleniumhq.org/exceptions/no_such_element.html
Build info: version: '3.141.59', revision: 'e82be7d358', time: '2018-11-14T08:17:03'
System info: host: 'TAPAN-PC3', ip: '192.168.1.247', os.name: 'Windows 10', os.arch: 'amd64', os.version: '10.0', java.version: '15.0.1'
Driver info: org.openqa.selenium.chrome.ChromeDriver
Capabilities {acceptInsecureCerts: false, browserName: chrome, browserVersion: 91.0.4472.77, chrome: {chromedriverVersion: 91.0.4472.19 (1bf021f248676..., userDataDir: C:\Users\kumar\AppData\Loca...}, goog:chromeOptions: {debuggerAddress: localhost:60897}, javascriptEnabled: true, networkConnectionEnabled: false, pageLoadStrategy: normal, platform: WINDOWS, platformName: WINDOWS, proxy: Proxy(), setWindowRect: true, strictFileInteractability: false, timeouts: {implicit: 0, pageLoad: 300000, script: 30000}, unhandledPromptBehavior: dismiss and notify, webauthn:extension:largeBlob: true, webauthn:virtualAuthenticators: true}
Session ID: 678c61ad8d71cba3d6280a57c459756b
*** Element info: {Using=xpath, value=//a[@aria-label='16 April 2021, Friday']}
	at java.base/jdk.internal.reflect.NativeConstructorAccessorImpl.newInstance0(Native Method)
	at java.base/jdk.internal.reflect.NativeConstructorAccessorImpl.newInstance(NativeConstructorAccessorImpl.java:64)
	at java.base/jdk.internal.reflect.DelegatingConstructorAccessorImpl.newInstance(DelegatingConstructorAccessorImpl.java:45)
	at java.base/java.lang.reflect.Constructor.newInstanceWithCaller(Constructor.java:500)
	at java.base/java.lang.reflect.Constructor.newInstance(Constructor.java:481)
	at org.openqa.selenium.remote.http.W3CHttpResponseCodec.createException(W3CHttpResponseCodec.java:187)
	at org.openqa.selenium.remote.http.W3CHttpResponseCodec.decode(W3CHttpResponseCodec.java:122)
	at org.openqa.selenium.remote.http.W3CHttpResponseCodec.decode(W3CHttpResponseCodec.java:49)
	at org.openqa.selenium.remote.HttpCommandExecutor.execute(HttpCommandExecutor.java:158)
	at org.openqa.selenium.remote.service.DriverCommandExecutor.execute(DriverCommandExecutor.java:83)
	at org.openqa.selenium.remote.RemoteWebDriver.execute(RemoteWebDriver.java:552)
	at org.openqa.selenium.remote.RemoteWebDriver.findElement(RemoteWebDriver.java:323)
	at org.openqa.selenium.remote.RemoteWebDriver.findElementByXPath(RemoteWebDriver.java:428)
	at org.openqa.selenium.By$ByXPath.findElement(By.java:353)
	at org.openqa.selenium.remote.RemoteWebDriver.findElement(RemoteWebDriver.java:315)
	at org.openqa.selenium.support.pagefactory.DefaultElementLocator.findElement(DefaultElementLocator.java:69)
	at org.openqa.selenium.support.pagefactory.internal.LocatingElementHandler.invoke(LocatingElementHandler.java:38)
	at com.sun.proxy.$Proxy25.click(Unknown Source)
	at homepage.DeltaHomePage.SelectApril16LocatorDateOn(DeltaHomePage.java:190)
	at stepDefinitions.DeltaHomePageStepDefination.select_the_departure_date(DeltaHomePageStepDefination.java:178)
	at âœ½.Select the Departure  Date(file:///F:/PNTSelenium/SeleniumRepo/BDD_Automation_Framework_Team1/Delta/src/test/java/features/DeltaHomePage.feature:48)
]]></failure>
    </testcase>
    <testcase classname="Delta Product search" name="Select passenger Status" time="11.266">
        <system-out><![CDATA[Given I am On Delta Home Page...............................................passed
Then I click Passenger DropDown Arrow.......................................passed
Then Select The Passenger 4.................................................passed
Then I click The Arrow to go to the next page...............................passed
]]></system-out>
    </testcase>
</testsuite>
